  Compiling CUDA source file kernel.cu...
  
  C:\Users\Shivam Dixit\documents\visual studio 2015\Projects\CornerDetector\CornerDetector>"C:\Program Files\NVIDIA GPU Computing Toolkit\CUDA\v8.0\bin\nvcc.exe" -gencode=arch=compute_20,code=\"sm_20,compute_20\" --use-local-env --cl-version 2015 -ccbin "C:\Program Files (x86)\Microsoft Visual Studio 14.0\VC\bin"  -I"C:\Program Files\NVIDIA GPU Computing Toolkit\CUDA\v8.0\include" -I"C:\Program Files\NVIDIA GPU Computing Toolkit\CUDA\v8.0\include"  -G   --keep-dir Debug -maxrregcount=0  --machine 32 --compile -cudart static  -g   -DWIN32 -D_DEBUG -D_CONSOLE -D_MBCS -Xcompiler "/EHsc /W3 /nologo /Od /FS /Zi /RTC1 /MDd " -o Debug\kernel.cu.obj "C:\Users\Shivam Dixit\documents\visual studio 2015\Projects\CornerDetector\CornerDetector\kernel.cu" 
CUDACOMPILE : nvcc warning : The 'compute_20', 'sm_20', and 'sm_21' architectures are deprecated, and may be removed in a future release (Use -Wno-deprecated-gpu-targets to suppress warning).
  kernel.cu
c:\users\shivam dixit\documents\visual studio 2015\projects\cornerdetector\cornerdetector\Matrix.h(39): warning C4521: 'Matrix': multiple copy constructors specified
c:\users\shivam dixit\documents\visual studio 2015\projects\cornerdetector\cornerdetector\utils.h(31): warning C4244: '=': conversion from 'double' to 'T', possible loss of data
c:\users\shivam dixit\documents\visual studio 2015\projects\cornerdetector\cornerdetector\utils.h(46): warning C4244: '=': conversion from 'float' to 'unsigned char', possible loss of data
c:\users\shivam dixit\documents\visual studio 2015\projects\cornerdetector\cornerdetector\utils.h(47): warning C4244: '=': conversion from 'float' to 'unsigned char', possible loss of data
c:\users\shivam dixit\documents\visual studio 2015\projects\cornerdetector\cornerdetector\utils.h(48): warning C4244: '=': conversion from 'float' to 'unsigned char', possible loss of data
c:\users\shivam dixit\documents\visual studio 2015\projects\cornerdetector\cornerdetector\utils.h(57): warning C4244: 'initializing': conversion from 'const int' to 'float', possible loss of data
c:\users\shivam dixit\documents\visual studio 2015\projects\cornerdetector\cornerdetector\utils.h(57): warning C4244: 'initializing': conversion from 'const int' to 'const float', possible loss of data
c:\users\shivam dixit\documents\visual studio 2015\projects\cornerdetector\cornerdetector\Gauss.h(18): warning C4244: '=': conversion from 'double' to 'T', possible loss of data
c:\users\shivam dixit\documents\visual studio 2015\projects\cornerdetector\cornerdetector\Gauss.h(25): warning C4244: '/=': conversion from 'double' to 'T', possible loss of data
c:\users\shivam dixit\documents\visual studio 2015\projects\cornerdetector\cornerdetector\Gauss.h(40): warning C4244: '=': conversion from 'double' to 'T', possible loss of data
c:\users\shivam dixit\documents\visual studio 2015\projects\cornerdetector\cornerdetector\Gauss.h(47): warning C4244: '/=': conversion from 'double' to 'T', possible loss of data
C:/Users/Shivam Dixit/documents/visual studio 2015/Projects/CornerDetector/CornerDetector/kernel.cu(147): warning C4305: '*=': truncation from 'double' to 'float'
C:/Users/Shivam Dixit/documents/visual studio 2015/Projects/CornerDetector/CornerDetector/kernel.cu(185): warning C4305: '*=': truncation from 'double' to 'float'
C:/Users/Shivam Dixit/documents/visual studio 2015/Projects/CornerDetector/CornerDetector/kernel.cu(264): warning C4244: 'return': conversion from 'double' to 'float', possible loss of data
  CornerDetector.vcxproj -> C:\Users\Shivam Dixit\documents\visual studio 2015\Projects\CornerDetector\Debug\CornerDetector.exe
  CornerDetector.vcxproj -> C:\Users\Shivam Dixit\documents\visual studio 2015\Projects\CornerDetector\Debug\CornerDetector.pdb (Full PDB)
  copy "C:\Program Files\NVIDIA GPU Computing Toolkit\CUDA\v8.0\bin\cudart*.dll" "C:\Users\Shivam Dixit\documents\visual studio 2015\Projects\CornerDetector\Debug\"
  C:\Program Files\NVIDIA GPU Computing Toolkit\CUDA\v8.0\bin\cudart32_80.dll
  C:\Program Files\NVIDIA GPU Computing Toolkit\CUDA\v8.0\bin\cudart64_80.dll
          2 file(s) copied.
